<?xml version="1.0" encoding="UTF-8"?>
<!-- Generated by org.testng.reporters.JUnitReportReporter -->
<testsuite hostname="DESKTOP-67SGSLO" failures="0" tests="1" name="com.taskmanager.tests.LoginTest" time="8.275" errors="0" timestamp="2025-09-02T14:10:14 IST" skipped="0">
  <testcase classname="com.taskmanager.tests.LoginTest" name="testLoginAfterRegistration" time="8.275"/>
</testsuite> <!-- com.taskmanager.tests.LoginTest -->
