<?xml version="1.0" encoding="UTF-8"?>
<!-- Generated by org.testng.reporters.JUnitReportReporter -->
<testsuite hostname="DESKTOP-67SGSLO" failures="0" tests="1" name="com.taskmanager.tests.LoginTest" time="14.590" errors="0" timestamp="2025-09-02T14:22:13 IST" skipped="0">
  <testcase classname="com.taskmanager.tests.LoginTest" name="testLoginAfterRegistration" time="14.590"/>
</testsuite> <!-- com.taskmanager.tests.LoginTest -->
